<?xml version="1.0" encoding="UTF-8"?>
<!-- Generated by org.testng.reporters.JUnitXMLReporter -->
<testsuite hostname="LAPTOP-J5KDCIMM" ignored="0" name="testNg.xml" tests="8" failures="5" timestamp="09 Jul 2020 22:35:56 GMT" time="5.37" errors="0">
  <testcase name="checkContentEncoding" time="0.016" classname="com.employeeapi.testcases.TC001_GetAllEmployees">
    <failure type="java.lang.AssertionError" message="expected [gzip] but found [null]">
      <![CDATA[java.lang.AssertionError: expected [gzip] but found [null]
at com.employeeapi.testcases.TC001_GetAllEmployees.checkContentEncoding(TC001_GetAllEmployees.java:103)
... Removed 31 stack frames]]>
    </failure>
  </testcase> <!-- checkContentEncoding -->
  <testcase name="checkStatusCode" time="0.003" classname="com.employeeapi.testcases.TC001_GetAllEmployees">
    <failure type="java.lang.AssertionError" message="expected [200] but found [404]">
      <![CDATA[java.lang.AssertionError: expected [200] but found [404]
at com.employeeapi.testcases.TC001_GetAllEmployees.checkStatusCode(TC001_GetAllEmployees.java:42)
... Removed 31 stack frames]]>
    </failure>
  </testcase> <!-- checkStatusCode -->
  <testcase name="checkresponseTime" time="0.003" classname="com.employeeapi.testcases.TC001_GetAllEmployees"/>
  <testcase name="checkresponsebody" time="0.027" classname="com.employeeapi.testcases.TC001_GetAllEmployees"/>
  <testcase name="checkservertype" time="0.002" classname="com.employeeapi.testcases.TC001_GetAllEmployees">
    <failure type="java.lang.AssertionError" message="expected [nginx/1.16.0] but found [Apache]">
      <![CDATA[java.lang.AssertionError: expected [nginx/1.16.0] but found [Apache]
at com.employeeapi.testcases.TC001_GetAllEmployees.checkservertype(TC001_GetAllEmployees.java:92)
... Removed 31 stack frames]]>
    </failure>
  </testcase> <!-- checkservertype -->
  <testcase name="contentType" time="0.002" classname="com.employeeapi.testcases.TC001_GetAllEmployees">
    <failure type="java.lang.AssertionError" message="expected [application/json;charset=utf-8] but found [text/html; charset=iso-8859-1]">
      <![CDATA[java.lang.AssertionError: expected [application/json;charset=utf-8] but found [text/html; charset=iso-8859-1]
at com.employeeapi.testcases.TC001_GetAllEmployees.contentType(TC001_GetAllEmployees.java:81)
... Removed 31 stack frames]]>
    </failure>
  </testcase> <!-- contentType -->
  <testcase name="contentlength" time="0.002" classname="com.employeeapi.testcases.TC001_GetAllEmployees"/>
  <testcase name="statusline" time="0.005" classname="com.employeeapi.testcases.TC001_GetAllEmployees">
    <failure type="java.lang.AssertionError" message="expected [HTTP/1.1 200 OK] but found [HTTP/1.1 404 Not Found]">
      <![CDATA[java.lang.AssertionError: expected [HTTP/1.1 200 OK] but found [HTTP/1.1 404 Not Found]
at com.employeeapi.testcases.TC001_GetAllEmployees.statusline(TC001_GetAllEmployees.java:70)
... Removed 31 stack frames]]>
    </failure>
  </testcase> <!-- statusline -->
</testsuite> <!-- testNg.xml -->
